// STRUCTURE TO RUN ***********************************************************************
F4Ge1   [BCC,BCC,cI10] (STD_PRIM doi:10.  [BCC,BCC,cI10] (STD_PRIM doi:10.1016/j.commatsci.2010.05.010)
1.000000
  -2.78264827357072   2.78264827357072   2.78264827357072
   2.78264827357072  -2.78264827357072   2.78264827357072
   2.78264827357072   2.78264827357072  -2.78264827357072
4 1 
Direct(5) [A4B1] 
   0.00000000000000   0.64300545738819   0.00000000000000  F     
   0.64300545738819   0.00000000000000   0.00000000000000  F     
   0.35699454261181   0.35699454261181   0.35699454261181  F     
   0.00000000000000   0.00000000000000   0.64300545738819  F     
   0.00000000000000   0.00000000000000   0.00000000000000  Ge    
// KPOINTS TO RUN *************************************************************************
BCC (body-centered cubic) G-H-N-G-P-H P-N
16   ! 16 grids 
Line-mode
reciprocal
   0.0000   0.0000   0.0000   ! \Gamma
   0.5000   -0.5000   0.5000   ! H
 
   0.5000   -0.5000   0.5000   ! H
   0.0000   0.0000   0.5000   ! N
 
   0.0000   0.0000   0.5000   ! N
   0.0000   0.0000   0.0000   ! \Gamma
 
   0.0000   0.0000   0.0000   ! \Gamma
   0.2500   0.2500   0.2500   ! P
 
   0.2500   0.2500   0.2500   ! P
   0.5000   -0.5000   0.5000   ! H
 
   0.2500   0.2500   0.2500   ! P
   0.0000   0.0000   0.5000   ! N
// END ************************************************************************************
