// STRUCTURE TO RUN ***********************************************************************
Ca1In2O4   [BCT,BCT2,tI28] (STD_PRIM doi  [BCT,BCT2,tI28] (STD_PRIM doi:10.1016/j.commatsci.2010.05.010)
1.000000
  -3.29858131375017   3.29858131375017   4.69367653126157
   3.29858131375017  -3.29858131375017   4.69367653126157
   3.29858131375017   3.29858131375017  -4.69367653126157
2 4 8 
Direct(14) [A2B4C8] 
   0.00000000000000   0.00000000000000   0.00000000000000  Ca    
   0.25000000000000   0.75000000000000   0.50000000000000  Ca    
   0.62500000000000   0.87500000000000   0.25000000000000  In    
   0.62500000000000   0.37500000000000   0.75000000000000  In    
   0.12500000000000   0.37500000000000   0.75000000000000  In    
   0.62500000000000   0.37500000000000   0.25000000000000  In    
   0.38973472379016   0.16667107259455   0.77693634880439  O     
   0.38973472379016   0.61279837498577   0.22306365119561  O     
   0.41667107259455   0.13973472379016   0.27693634880439  O     
   0.86279837498577   0.13973472379016   0.72306365119561  O     
   0.86026527620984   0.13720162501423   0.27693634880439  O     
   0.86026527620984   0.58332892740545   0.72306365119561  O     
   0.83332892740545   0.61026527620984   0.22306365119561  O     
   0.38720162501423   0.61026527620984   0.77693634880439  O     
// KPOINTS TO RUN *************************************************************************
BCT2 (body-centered tetragonal a < c) G-X-Y-Sg-G-Z-Sg1-N-P-Y1-Z X-P
16   ! 16 grids 
Line-mode
reciprocal
   0.0000   0.0000   0.0000   ! \Gamma
   0.0000   0.0000   0.5000   ! X
 
   0.0000   0.0000   0.5000   ! X
   -0.2469   0.2469   0.5000   ! Y
 
   -0.2469   0.2469   0.5000   ! Y
   -0.3735   0.3735   0.3735   ! \Sigma
 
   -0.3735   0.3735   0.3735   ! \Sigma
   0.0000   0.0000   0.0000   ! \Gamma
 
   0.0000   0.0000   0.0000   ! \Gamma
   0.5000   0.5000   -0.5000   ! Z
 
   0.5000   0.5000   -0.5000   ! Z
   0.3735   0.6265   -0.3735   ! \Sigma_1
 
   0.3735   0.6265   -0.3735   ! \Sigma_1
   0.0000   0.5000   0.0000   ! N
 
   0.0000   0.5000   0.0000   ! N
   0.2500   0.2500   0.2500   ! P
 
   0.2500   0.2500   0.2500   ! P
   0.5000   0.5000   -0.2469   ! Y_1
 
   0.5000   0.5000   -0.2469   ! Y_1
   0.5000   0.5000   -0.5000   ! Z
 
   0.0000   0.0000   0.5000   ! X
   0.2500   0.2500   0.2500   ! P
// END ************************************************************************************
