// STRUCTURE TO RUN ***********************************************************************
O4Si1Zn2   [BCT,BCT1,tI28] (STD_PRIM doi  [BCT,BCT1,tI28] (STD_PRIM doi:10.1016/j.commatsci.2010.05.010)
1.000000
  -3.47543925266550   3.47543925266550   3.23436125492082
   3.47543925266550  -3.47543925266550   3.23436125492082
   3.47543925266550   3.47543925266550  -3.23436125492082
8 2 4 
Direct(14) [A8B2C4] 
   0.62714096411448   0.44714875045218   0.78698293583487  O     
   0.66016581461731   0.84015802827961   0.21301706416514  O     
   0.55285124954783   0.33983418538269   0.17999221366230  O     
   0.15984197172039   0.37285903588553   0.82000778633771  O     
   0.08983418538268   0.80285124954782   0.67999221366229  O     
   0.12285903588553   0.40984197172039   0.32000778633770  O     
   0.59015802827961   0.91016581461731   0.71301706416513  O     
   0.19714875045218   0.87714096411448   0.28698293583487  O     
   0.50000000000000   0.50000000000000   0.00000000000000  Si    
   0.25000000000000   0.75000000000000   0.50000000000000  Si    
   0.37500000000000   0.27665750657359   0.40165750657359  Zn    
   0.87500000000000   0.97334249342641   0.59834249342641  Zn    
   0.72334249342641   0.12500000000000   0.09834249342641  Zn    
   0.02665750657359   0.62500000000000   0.90165750657359  Zn    
// KPOINTS TO RUN *************************************************************************
BCT1 (body-centered tetragonal c < a) G-X-M-G-Z-P-N-Z1-M X-P
16   ! 16 grids 
Line-mode
reciprocal
   0.0000   0.0000   0.0000   ! \Gamma
   0.0000   0.0000   0.5000   ! X
 
   0.0000   0.0000   0.5000   ! X
   -0.5000   0.5000   0.5000   ! M
 
   -0.5000   0.5000   0.5000   ! M
   0.0000   0.0000   0.0000   ! \Gamma
 
   0.0000   0.0000   0.0000   ! \Gamma
   0.4665   0.4665   -0.4665   ! Z
 
   0.4665   0.4665   -0.4665   ! Z
   0.2500   0.2500   0.2500   ! P
 
   0.2500   0.2500   0.2500   ! P
   0.0000   0.5000   0.0000   ! N
 
   0.0000   0.5000   0.0000   ! N
   -0.4665   0.5335   0.4665   ! Z_1
 
   -0.4665   0.5335   0.4665   ! Z_1
   -0.5000   0.5000   0.5000   ! M
 
   0.0000   0.0000   0.5000   ! X
   0.2500   0.2500   0.2500   ! P
// END ************************************************************************************
