// STRUCTURE TO RUN ***********************************************************************
O3Sn1Sr1   [CUB,CUB,cP5] (STD_PRIM doi:1  [CUB,CUB,cP5] (STD_PRIM doi:10.1016/j.commatsci.2010.05.010)
1.000000
   4.16706694034343   0.00000000000000   0.00000000000000
   0.00000000000000   4.16706694034343   0.00000000000000
   0.00000000000000   0.00000000000000   4.16706694034343
3 1 1 
Direct(5) [A3B1C1] 
   0.50000000000000   0.00000000000000   0.00000000000000  O     
   0.00000000000000   0.50000000000000   0.00000000000000  O     
   0.00000000000000   0.00000000000000   0.50000000000000  O     
   0.00000000000000   0.00000000000000   0.00000000000000  Sn    
   0.50000000000000   0.50000000000000   0.50000000000000  Sr    
// KPOINTS TO RUN *************************************************************************
CUB (simple cubic) G-X-M-G-R-X M-R
16   ! 16 grids 
Line-mode
reciprocal
   0.0000   0.0000   0.0000   ! \Gamma
   0.0000   0.5000   0.0000   ! X
 
   0.0000   0.5000   0.0000   ! X
   0.5000   0.5000   0.0000   ! M
 
   0.5000   0.5000   0.0000   ! M
   0.0000   0.0000   0.0000   ! \Gamma
 
   0.0000   0.0000   0.0000   ! \Gamma
   0.5000   0.5000   0.5000   ! R
 
   0.5000   0.5000   0.5000   ! R
   0.0000   0.5000   0.0000   ! X
 
   0.5000   0.5000   0.0000   ! M
   0.5000   0.5000   0.5000   ! R
// END ************************************************************************************
