// STRUCTURE TO RUN ***********************************************************************
Bi1I3   [HEX,HEX,hP8] (STD_PRIM doi:10.1  [HEX,HEX,hP8] (STD_PRIM doi:10.1016/j.commatsci.2010.05.010)
1.000008
   3.87959940212862  -6.71966327750062   0.00000000000000
   3.87959940212862   6.71966327750062   0.00000000000000
   0.00000000000000   0.00000000000000   7.56178811005011
2 6 
Direct(8) [A2B6] 
   0.66666030477194   0.33332060954387  -0.00000000000000  Bi    
   0.33333969522806   0.66667939045613  -0.00000000000000  Bi    
   0.00001402683415   0.34828236176397   0.24012763726827  I     
   0.65173166507019   0.65171763823604   0.24012763726827  I     
   0.34826150563919   0.00000000000000   0.24015353723030  I     
   0.34826833492981   0.34828236176397   0.75987236273173  I     
   0.99998597316585   0.65171763823604   0.75987236273173  I     
   0.65173849436081   0.00000000000000   0.75984646276971  I     
// KPOINTS TO RUN *************************************************************************
HEX (hexagonal) G-M-K-G-A-L-H-A L-M K-H
16   ! 16 grids 
Line-mode
reciprocal
   0.0000   0.0000   0.0000   ! \Gamma
   0.5000   0.0000   0.0000   ! M
 
   0.5000   0.0000   0.0000   ! M
   0.3333   0.3333   0.0000   ! K
 
   0.3333   0.3333   0.0000   ! K
   0.0000   0.0000   0.0000   ! \Gamma
 
   0.0000   0.0000   0.0000   ! \Gamma
   0.0000   0.0000   0.5000   ! A
 
   0.0000   0.0000   0.5000   ! A
   0.5000   0.0000   0.5000   ! L
 
   0.5000   0.0000   0.5000   ! L
   0.3333   0.3333   0.5000   ! H
 
   0.3333   0.3333   0.5000   ! H
   0.0000   0.0000   0.5000   ! A
 
   0.5000   0.0000   0.5000   ! L
   0.5000   0.0000   0.0000   ! M
 
   0.3333   0.3333   0.0000   ! K
   0.3333   0.3333   0.5000   ! H
// END ************************************************************************************
