// STRUCTURE TO RUN ***********************************************************************
B1Bi1O3   [MCL,MCL,mP20] (STD_PRIM doi:1  [MCL,MCL,mP20] (STD_PRIM doi:10.1016/j.commatsci.2010.05.010)
1.000000
   5.11915043292789   0.00000000000000   0.00000000000000
   0.00000000000000   6.68087809623939   0.00000000000000
   0.00000000000000   2.78791864960073   8.00065733433122
4 4 12 
Direct(20) [A4B4C12] 
   0.25480784616682   0.78453859065730   0.11318565122782  B     
   0.75480784616682   0.21546140934270   0.38681434877218  B     
   0.74519215383318   0.21546140934270   0.88681434877218  B     
   0.24519215383318   0.78453859065730   0.61318565122782  B     
   0.23302736285441   0.25492391166636   0.12317503950507  Bi    
   0.73302736285441   0.74507608833364   0.37682496049493  Bi    
   0.76697263714559   0.74507608833364   0.87682496049493  Bi    
   0.26697263714559   0.25492391166636   0.62317503950507  Bi    
   0.11360854526669   0.92193720403281   0.17267763391515  O     
   0.61360854526669   0.07806279596719   0.32732236608485  O     
   0.88639145473331   0.07806279596719   0.82732236608485  O     
   0.38639145473331   0.92193720403281   0.67267763391515  O     
   0.13056502870600   0.66183635292620   0.03215379414903  O     
   0.63056502870600   0.33816364707380   0.46784620585097  O     
   0.86943497129400   0.33816364707380   0.96784620585097  O     
   0.36943497129400   0.66183635292620   0.53215379414903  O     
   0.52284121395693   0.75758451034205   0.13838881427635  O     
   0.02284121395693   0.24241548965795   0.36161118572365  O     
   0.47715878604307   0.24241548965795   0.86161118572365  O     
   0.97715878604307   0.75758451034205   0.63838881427635  O     
// KPOINTS TO RUN *************************************************************************
MCL (monoclinic) G-Y-H-C-E-M1-A-X-G-Z-D-M Z-A D-Y X-H1
16   ! 16 grids 
Line-mode
reciprocal
   0.0000   0.0000   0.0000   ! \Gamma
   0.0000   0.0000   0.5000   ! Y
 
   0.0000   0.0000   0.5000   ! Y
   0.0000   0.4152   0.6733   ! H
 
   0.0000   0.4152   0.6733   ! H
   0.0000   0.5000   0.5000   ! C
 
   0.0000   0.5000   0.5000   ! C
   0.5000   0.5000   0.5000   ! E
 
   0.5000   0.5000   0.5000   ! E
   0.5000   0.5848   0.3267   ! M_1
 
   0.5000   0.5848   0.3267   ! M_1
   0.5000   0.5000   0.0000   ! A
 
   0.5000   0.5000   0.0000   ! A
   0.0000   0.5000   0.0000   ! X
 
   0.0000   0.5000   0.0000   ! X
   0.0000   0.0000   0.0000   ! \Gamma
 
   0.0000   0.0000   0.0000   ! \Gamma
   0.5000   0.0000   0.0000   ! Z
 
   0.5000   0.0000   0.0000   ! Z
   0.5000   0.0000   0.5000   ! D
 
   0.5000   0.0000   0.5000   ! D
   0.5000   0.4152   0.6733   ! M
 
   0.5000   0.0000   0.0000   ! Z
   0.5000   0.5000   0.0000   ! A
 
   0.5000   0.0000   0.5000   ! D
   0.0000   0.0000   0.5000   ! Y
 
   0.0000   0.5000   0.0000   ! X
   0.0000   0.5848   0.3267   ! H_1
// END ************************************************************************************
