// STRUCTURE TO RUN ***********************************************************************
Cd1Na2S4Sn1   [MCLC,MCLC5,mS16] (STD_PRI  [MCLC,MCLC5,mS16] (STD_PRIM doi:10.1016/j.commatsci.2010.05.010)
1.000000
   5.40176783775381   4.52407218161051   0.00000000000000
  -5.40176783775381   4.52407218161051   0.00000000000000
   0.00000000000000   4.53697911250522   4.56749911424154
1 2 4 1 
Direct(8) [A1B2C4D1] 
   0.51321574550246   0.48678425449753   0.50000000000001  Cd    
   0.76724477888400   0.23275522111600   0.00000000000000  Na    
   0.01674725941857   0.98325274058143   0.50000000000000  Na    
   0.17336740461763   0.39821753037665   0.45006207871245  S     
   0.60178246962336   0.82663259538238   0.54993792128753  S     
   0.37852500150880   0.10095166144970   0.97427396637042  S     
   0.89904833855030   0.62147499849120   0.02572603362958  S     
   0.26301900189489   0.73698099810512  -0.00000000000001  Sn    
// KPOINTS TO RUN *************************************************************************
MCLC5 (kgamma < 90, bcos(alfa)/c+(bsin(alfa)/a)^2>1) G-Y-F-L-I I1-Z-G-X-Y1-H1 H-F1 F2-X M-G-N H-Z
16   ! 16 grids 
Line-mode
reciprocal
   0.0000   0.0000   0.0000   ! \Gamma
   0.3398   0.3398   0.0031   ! Y
 
   0.3398   0.3398   0.0031   ! Y
   0.4995   0.4995   0.3256   ! F
 
   0.4995   0.4995   0.3256   ! F
   0.5000   0.5000   0.5000   ! L
 
   0.5000   0.5000   0.5000   ! L
   0.7433   0.2567   0.5000   ! I
 
   0.2567   -0.2567   0.5000   ! I_1
   0.0000   0.0000   0.5000   ! Z
 
   0.0000   0.0000   0.5000   ! Z
   0.0000   0.0000   0.0000   ! \Gamma
 
   0.0000   0.0000   0.0000   ! \Gamma
   0.5000   -0.5000   0.0000   ! X
 
   0.5000   -0.5000   0.0000   ! X
   0.6602   -0.3398   -0.0031   ! Y_1
 
   0.6602   -0.3398   -0.0031   ! Y_1
   0.8199   -0.1801   0.3194   ! H_1
 
   0.1801   0.1801   0.6806   ! H
   0.5005   0.5005   0.6744   ! F_1
 
   0.4995   -0.5005   0.3256   ! F_2
   0.5000   -0.5000   0.0000   ! X
 
   0.5000   0.0000   0.5000   ! M
   0.0000   0.0000   0.0000   ! \Gamma
 
   0.0000   0.0000   0.0000   ! \Gamma
   0.5000   0.0000   0.0000   ! N
 
   0.1801   0.1801   0.6806   ! H
   0.0000   0.0000   0.5000   ! Z
// END ************************************************************************************
