// STRUCTURE TO RUN ***********************************************************************
Na4O9Si3Sr1 #5.1 - (Na4O9Si3Sr1_ICSD_339  [MCLC,MCLC4,mS34] (STD_PRIM doi:10.1016/j.commatsci.2010.05.010)
1.000000
   5.46485911071762   3.85739376669071   0.00000000000000
  -5.46485911071762   3.85739376669071   0.00000000000000
   0.00000000000000   3.83939994704777   5.45361084604166
4 9 3 1 
Direct(17) [A4B9C3D1] 
   0.99186052710760   0.49593026355380   0.50406973644620  Na    
   0.04735488792488   0.02367744396244   0.47632255603756  Na    
   0.46819636391223   0.44672647636751   0.52762559137323  Na    
   0.46819636391223   0.02146988754472   0.00417804471454  Na    
   0.73218403450644   0.97809932290679   0.26087808793840  O     
   0.73218403450644   0.75408471159965   0.00693787755516  O     
   0.06589629492315   0.83815043444756   0.13402040184266  O     
   0.06589629492315   0.22774586047559   0.80008330323419  O     
   0.26108220287168   0.83459316333384   0.53857362719185  O     
   0.26108220287168   0.42648903953784   0.20034416993647  O     
   0.65385867000732   0.23064045339224   0.47076877340196  O     
   0.65385867000732   0.42321821661508   0.87537255659072  O     
   0.52536349057416   0.76268174528708   0.73731825471292  O     
   0.92232576383766   0.96116288191883   0.03883711808117  Si    
   0.53111109737704   0.96213163159852   0.50280643210772  Si    
   0.53111109737704   0.56897946577852   0.96608247051524  Si    
   0.99223800335996   0.49611900167998   0.00388099832002  Sr    
// KPOINTS TO RUN *************************************************************************
MCLC4 (kgamma < 90, bcos(alfa)/c+(bsin(alfa)/a)^2=1) G-Y-F-H-Z-I-X-G-Z M-G-N X-Y1-H1
16   ! 16 grids 
Line-mode
reciprocal
   0.0000   0.0000   0.0000   ! \Gamma
   0.3746   0.3746   0.1240   ! Y
 
   0.3746   0.3746   0.1240   ! Y
   0.4996   0.4996   0.4996   ! F
 
   0.4996   0.4996   0.4996   ! F
   0.2495   0.2495   0.7483   ! H
 
   0.2495   0.2495   0.7483   ! H
   0.0000   0.0000   0.5000   ! Z
 
   0.0000   0.0000   0.5000   ! Z
   0.5000   -0.5000   0.5000   ! I
 
   0.5000   -0.5000   0.5000   ! I
   0.5000   -0.5000   0.0000   ! X
 
   0.5000   -0.5000   0.0000   ! X
   0.0000   0.0000   0.0000   ! \Gamma
 
   0.0000   0.0000   0.0000   ! \Gamma
   0.0000   0.0000   0.5000   ! Z
 
   0.5000   0.0000   0.5000   ! M
   0.0000   0.0000   0.0000   ! \Gamma
 
   0.0000   0.0000   0.0000   ! \Gamma
   0.5000   0.0000   0.0000   ! N
 
   0.5000   -0.5000   0.0000   ! X
   0.6254   -0.3746   -0.1240   ! Y_1
 
   0.6254   -0.3746   -0.1240   ! Y_1
   0.7505   -0.2495   0.2517   ! H_1
// END ************************************************************************************
