// STRUCTURE TO RUN ***********************************************************************
B1Ba1Na1O3   [MCLC,MCLC1,mS24] (STD_PRIM  [MCLC,MCLC1,mS24] (STD_PRIM doi:10.1016/j.commatsci.2010.05.010)
1.000000
   2.81613711913449   4.84212450017132   0.00000000000000
  -2.81613711913449   4.84212450017132   0.00000000000000
   0.00000000000000   0.97260317465022   6.18238418015651
2 2 2 6 
Direct(12) [A2B2C2D6] 
   0.33242048182651   0.33242048182651   0.25206213487908  B     
   0.66757951817349   0.66757951817349   0.74793786512092  B     
   0.33322288681734   0.33322288681734   0.74313987226465  Ba    
   0.66677711318266   0.66677711318266   0.25686012773535  Ba    
   0.00000000000000   0.00000000000000   0.00000000000000  Na    
   0.00000000000000   0.00000000000000   0.50000000000000  Na    
   0.20305591623980   0.20305591623980   0.17894443625044  O     
   0.79694408376020   0.79694408376020   0.82105556374956  O     
   0.61040371076898   0.18404086491861   0.29128277126407  O     
   0.81595913508139   0.38959628923102   0.70871722873593  O     
   0.38959628923102   0.81595913508139   0.70871722873593  O     
   0.18404086491861   0.61040371076898   0.29128277126407  O     
// KPOINTS TO RUN *************************************************************************
MCLC1 (C-centered monoclinic kgamma > 90) G-Y-F-L-I I1-Z-G-X X1-Y M-G-N Z-F1
16   ! 16 grids 
Line-mode
reciprocal
   0.0000   0.0000   0.0000   ! \Gamma
   0.5000   0.5000   0.0000   ! Y
 
   0.5000   0.5000   0.0000   ! Y
   0.5492   0.5492   0.4095   ! F
 
   0.5492   0.5492   0.4095   ! F
   0.5000   0.5000   0.5000   ! L
 
   0.5000   0.5000   0.5000   ! L
   0.6842   0.3158   0.5000   ! I
 
   0.3158   -0.3158   0.5000   ! I_1
   0.0000   0.0000   0.5000   ! Z
 
   0.0000   0.0000   0.5000   ! Z
   0.0000   0.0000   0.0000   ! \Gamma
 
   0.0000   0.0000   0.0000   ! \Gamma
   0.3367   -0.3367   0.0000   ! X
 
   0.6633   0.3367   0.0000   ! X_1
   0.5000   0.5000   0.0000   ! Y
 
   0.5000   0.0000   0.5000   ! M
   0.0000   0.0000   0.0000   ! \Gamma
 
   0.0000   0.0000   0.0000   ! \Gamma
   0.5000   0.0000   0.0000   ! N
 
   0.0000   0.0000   0.5000   ! Z
   0.4508   0.4508   0.5905   ! F_1
// END ************************************************************************************
