// STRUCTURE TO RUN ***********************************************************************
La2O6S1   [MCLC,MCLC1,mS36] (STD_PRIM do  [MCLC,MCLC1,mS36] (STD_PRIM doi:10.1016/j.commatsci.2010.05.010)
1.000000
   2.17750350472997   7.29403226548709   0.00000000000000
  -2.17750350472997   7.29403226548709   0.00000000000000
   0.00000000000000   2.51260937314241   8.13463648439866
4 12 2 
Direct(18) [A4B12C2] 
   0.66281954687819   0.67141297259512   0.91654483945132  La    
   0.32858702740488   0.33718045312181   0.58345516054868  La    
   0.33718045312181   0.32858702740488   0.08345516054868  La    
   0.67141297259512   0.66281954687819   0.41654483945132  La    
   0.23674230526796   0.25779650702678   0.87618499081093  O     
   0.74220349297322   0.76325769473204   0.62381500918907  O     
   0.76325769473204   0.74220349297322   0.12381500918907  O     
   0.25779650702678   0.23674230526796   0.37618499081093  O     
   0.26023137528122   0.74059153106571   0.89234019320549  O     
   0.25940846893429   0.73976862471878   0.60765980679451  O     
   0.73976862471878   0.25940846893429   0.10765980679451  O     
   0.74059153106571   0.26023137528122   0.39234019320549  O     
   0.95561894901492   0.22090928345837   0.70478089131647  O     
   0.77909071654163   0.04438105098508   0.79521910868353  O     
   0.04438105098508   0.77909071654163   0.29521910868353  O     
   0.22090928345837   0.95561894901492   0.20478089131647  O     
   0.05789191739513   0.94210808260487   0.75000000000000  S     
   0.94210808260487   0.05789191739513   0.25000000000000  S     
// KPOINTS TO RUN *************************************************************************
MCLC1 (C-centered monoclinic kgamma > 90) G-Y-F-L-I I1-Z-G-X X1-Y M-G-N Z-F1
16   ! 16 grids 
Line-mode
reciprocal
   0.0000   0.0000   0.0000   ! \Gamma
   0.5000   0.5000   0.0000   ! Y
 
   0.5000   0.5000   0.0000   ! Y
   0.5908   0.5908   0.3590   ! F
 
   0.5908   0.5908   0.3590   ! F
   0.5000   0.5000   0.5000   ! L
 
   0.5000   0.5000   0.5000   ! L
   0.7379   0.2621   0.5000   ! I
 
   0.2621   -0.2621   0.5000   ! I_1
   0.0000   0.0000   0.5000   ! Z
 
   0.0000   0.0000   0.5000   ! Z
   0.0000   0.0000   0.0000   ! \Gamma
 
   0.0000   0.0000   0.0000   ! \Gamma
   0.2744   -0.2744   0.0000   ! X
 
   0.7256   0.2744   0.0000   ! X_1
   0.5000   0.5000   0.0000   ! Y
 
   0.5000   0.0000   0.5000   ! M
   0.0000   0.0000   0.0000   ! \Gamma
 
   0.0000   0.0000   0.0000   ! \Gamma
   0.5000   0.0000   0.0000   ! N
 
   0.0000   0.0000   0.5000   ! Z
   0.4092   0.4092   0.6410   ! F_1
// END ************************************************************************************
