// STRUCTURE TO RUN ***********************************************************************
Br3In1   [MCLC,MCLC3,mS16] (STD_PRIM doi  [MCLC,MCLC3,mS16] (STD_PRIM doi:10.1016/j.commatsci.2010.05.010)
1.000000
   5.97357258101562   3.45227203834125   0.00000000000000
  -5.97357258101562   3.45227203834125   0.00000000000000
   0.00000000000000   2.27661214292492   6.80081526960862
6 2 
Direct(8) [A6B2] 
   0.21610706349740   0.21610706349740   0.76712393748162  Br    
   0.78389293650260   0.78389293650260   0.23287606251838  Br    
   0.93288275558219   0.57537673333935   0.76940256325839  Br    
   0.42462326666065   0.06711724441781   0.23059743674161  Br    
   0.06711724441781   0.42462326666065   0.23059743674161  Br    
   0.57537673333935   0.93288275558219   0.76940256325839  Br    
   0.16655913449473   0.83344086550527   0.00000000000000  In    
   0.83344086550527   0.16655913449473   0.00000000000000  In    
// KPOINTS TO RUN *************************************************************************
MCLC3 (kgamma < 90, bcos(alfa)/c+(bsin(alfa)/a)^2<1) G-Y-F-H-Z-I-X-G-Z M-G-N X-Y1-H1 I-F1
16   ! 16 grids 
Line-mode
reciprocal
   0.0000   0.0000   0.0000   ! \Gamma
   0.3335   0.3335   0.0551   ! Y
 
   0.3335   0.3335   0.0551   ! Y
   0.3904   0.3904   0.4278   ! F
 
   0.3904   0.3904   0.4278   ! F
   0.2765   0.2765   0.6824   ! H
 
   0.2765   0.2765   0.6824   ! H
   0.0000   0.0000   0.5000   ! Z
 
   0.0000   0.0000   0.5000   ! Z
   0.5000   -0.5000   0.5000   ! I
 
   0.5000   -0.5000   0.5000   ! I
   0.5000   -0.5000   0.0000   ! X
 
   0.5000   -0.5000   0.0000   ! X
   0.0000   0.0000   0.0000   ! \Gamma
 
   0.0000   0.0000   0.0000   ! \Gamma
   0.0000   0.0000   0.5000   ! Z
 
   0.5000   0.0000   0.5000   ! M
   0.0000   0.0000   0.0000   ! \Gamma
 
   0.0000   0.0000   0.0000   ! \Gamma
   0.5000   0.0000   0.0000   ! N
 
   0.5000   -0.5000   0.0000   ! X
   0.6665   -0.3335   -0.0551   ! Y_1
 
   0.6665   -0.3335   -0.0551   ! Y_1
   0.7235   -0.2765   0.3176   ! H_1
 
   0.5000   -0.5000   0.5000   ! I
   0.6096   -0.3904   0.5722   ! F_1
// END ************************************************************************************
