// STRUCTURE TO RUN ***********************************************************************
Bi1F3   [ORC,ORC,oP16] (STD_PRIM doi:10.  [ORC,ORC,oP16] (STD_PRIM doi:10.1016/j.commatsci.2010.05.010)
1.000000
   5.04076754780651   0.00000000000000   0.00000000000000
   0.00000000000000   6.54601067998669   0.00000000000000
   0.00000000000000   0.00000000000000   7.11912122079809
4 12 
Direct(16) [A4B12] 
   0.97247170620146   0.36382545531141   0.75000000000000  Bi    
   0.47247170620146   0.13617454468859   0.25000000000000  Bi    
   0.02752829379854   0.63617454468859   0.25000000000000  Bi    
   0.52752829379854   0.86382545531141   0.75000000000000  Bi    
   0.36257000467936   0.53807918884044   0.75000000000000  F     
   0.86257000467936   0.96192081115956   0.25000000000000  F     
   0.63742999532064   0.46192081115956   0.25000000000000  F     
   0.13742999532064   0.03807918884044   0.75000000000000  F     
   0.64675515206708   0.16053224672494   0.93927686801757  F     
   0.14675515206708   0.33946775327506   0.06072313198243  F     
   0.35324484793292   0.83946775327506   0.43927686801757  F     
   0.85324484793292   0.66053224672494   0.56072313198243  F     
   0.35324484793292   0.83946775327506   0.06072313198243  F     
   0.85324484793292   0.66053224672494   0.93927686801757  F     
   0.64675515206708   0.16053224672494   0.56072313198243  F     
   0.14675515206708   0.33946775327506   0.43927686801757  F     
// KPOINTS TO RUN *************************************************************************
ORC (orthorhombic) G-X-S-Y-G-Z-U-R-T-Z Y-T U-X S-R
16   ! 16 grids 
Line-mode
reciprocal
   0.0000   0.0000   0.0000   ! \Gamma
   0.5000   0.0000   0.0000   ! X
 
   0.5000   0.0000   0.0000   ! X
   0.5000   0.5000   0.0000   ! S
 
   0.5000   0.5000   0.0000   ! S
   0.0000   0.5000   0.0000   ! Y
 
   0.0000   0.5000   0.0000   ! Y
   0.0000   0.0000   0.0000   ! \Gamma
 
   0.0000   0.0000   0.0000   ! \Gamma
   0.0000   0.0000   0.5000   ! Z
 
   0.0000   0.0000   0.5000   ! Z
   0.5000   0.0000   0.5000   ! U
 
   0.5000   0.0000   0.5000   ! U
   0.5000   0.5000   0.5000   ! R
 
   0.5000   0.5000   0.5000   ! R
   0.0000   0.5000   0.5000   ! T
 
   0.0000   0.5000   0.5000   ! T
   0.0000   0.0000   0.5000   ! Z
 
   0.0000   0.5000   0.0000   ! Y
   0.0000   0.5000   0.5000   ! T
 
   0.5000   0.0000   0.5000   ! U
   0.5000   0.0000   0.0000   ! X
 
   0.5000   0.5000   0.0000   ! S
   0.5000   0.5000   0.5000   ! R
// END ************************************************************************************
