// STRUCTURE TO RUN ***********************************************************************
I1Tl1   [ORCC,ORCC,oS8] (STD_PRIM doi:10  [ORCC,ORCC,oS8] (STD_PRIM doi:10.1016/j.commatsci.2010.05.010)
1.000000
   2.33467873603975  -6.58617279941740   0.00000000000000
   2.33467873603975   6.58617279941740   0.00000000000000
   0.00000000000000   0.00000000000000   5.31537846497709
2 2 
Direct(4) [A2B2] 
   0.86637505863881   0.13362494136119   0.75000000000000  I     
   0.13362494136119   0.86637505863881   0.25000000000000  I     
   0.61017536290250   0.38982463709750   0.75000000000000  Tl    
   0.38982463709750   0.61017536290250   0.25000000000000  Tl    
// KPOINTS TO RUN *************************************************************************
ORCC (C-centered orthorhombic a < b) G-X-S-R-A-Z-G-Y-X1-A1-T-Y Z-T
16   ! 16 grids 
Line-mode
reciprocal
   0.0000   0.0000   0.0000   ! \Gamma
   0.2814   0.2814   0.0000   ! X
 
   0.2814   0.2814   0.0000   ! X
   0.0000   0.5000   0.0000   ! S
 
   0.0000   0.5000   0.0000   ! S
   0.0000   0.5000   0.5000   ! R
 
   0.0000   0.5000   0.5000   ! R
   0.2814   0.2814   0.5000   ! A
 
   0.2814   0.2814   0.5000   ! A
   0.0000   0.0000   0.5000   ! Z
 
   0.0000   0.0000   0.5000   ! Z
   0.0000   0.0000   0.0000   ! \Gamma
 
   0.0000   0.0000   0.0000   ! \Gamma
   -0.5000   0.5000   0.0000   ! Y
 
   -0.5000   0.5000   0.0000   ! Y
   -0.2814   0.7186   0.0000   ! X_1
 
   -0.2814   0.7186   0.0000   ! X_1
   -0.2814   0.7186   0.5000   ! A_1
 
   -0.2814   0.7186   0.5000   ! A_1
   -0.5000   0.5000   0.5000   ! T
 
   -0.5000   0.5000   0.5000   ! T
   -0.5000   0.5000   0.0000   ! Y
 
   0.0000   0.0000   0.5000   ! Z
   -0.5000   0.5000   0.5000   ! T
// END ************************************************************************************
