// STRUCTURE TO RUN ***********************************************************************
F1In1O1   [ORCF,ORCF2,oF48] (STD_PRIM do  [ORCF,ORCF2,oF48] (STD_PRIM doi:10.1016/j.commatsci.2010.05.010)
1.000000
   0.00000000000000   4.23033820747328   5.15456024189875
   3.56894126887697   0.00000000000000   5.15456024189875
   3.56894126887697   4.23033820747328   0.00000000000000
4 4 4 
Direct(12) [A4B4C4] 
   0.50000000000000   0.50000000000000   0.50000000000000  F     
   0.00000000000000   0.50000000000000   0.50000000000000  F     
   0.00000000000000  -0.00000000000000   0.50000000000000  F     
   0.00000000000000   0.50000000000000  -0.00000000000000  F     
   0.42437305808956   0.32562694191044   0.92437305808956  In    
   0.82562694191044   0.92437305808956   0.32562694191044  In    
   0.57562694191044   0.67437305808956   0.07562694191044  In    
   0.17437305808956   0.07562694191044   0.67437305808956  In    
   0.48851961175337   0.98851961175337   0.26148038824663  O     
   0.76148038824663   0.26148038824663   0.98851961175337  O     
   0.51148038824663   0.01148038824663   0.73851961175337  O     
   0.23851961175337   0.73851961175337   0.01148038824663  O     
// KPOINTS TO RUN *************************************************************************
ORCF2 (face-centered orthorhombic 1/a^2 < 1/b^2+1/c^2) G-Y-C-D-X-G-Z-D1-H-C C1-Z X-H1 H-Y L-G
16   ! 16 grids 
Line-mode
reciprocal
   0.0000   0.0000   0.0000   ! \Gamma
   0.5000   0.0000   0.5000   ! Y
 
   0.5000   0.0000   0.5000   ! Y
   0.5000   0.1919   0.6919   ! C
 
   0.5000   0.1919   0.6919   ! C
   0.0671   0.5000   0.5671   ! D
 
   0.0671   0.5000   0.5671   ! D
   0.0000   0.5000   0.5000   ! X
 
   0.0000   0.5000   0.5000   ! X
   0.0000   0.0000   0.0000   ! \Gamma
 
   0.0000   0.0000   0.0000   ! \Gamma
   0.5000   0.5000   0.0000   ! Z
 
   0.5000   0.5000   0.0000   ! Z
   0.9329   0.5000   0.4329   ! D_1
 
   0.9329   0.5000   0.4329   ! D_1
   0.9003   0.4003   0.5000   ! H
 
   0.9003   0.4003   0.5000   ! H
   0.5000   0.1919   0.6919   ! C
 
   0.5000   0.8081   0.3081   ! C_1
   0.5000   0.5000   0.0000   ! Z
 
   0.0000   0.5000   0.5000   ! X
   0.0997   0.5997   0.5000   ! H_1
 
   0.9003   0.4003   0.5000   ! H
   0.5000   0.0000   0.5000   ! Y
 
   0.5000   0.5000   0.5000   ! L
   0.0000   0.0000   0.0000   ! \Gamma
// END ************************************************************************************
