// STRUCTURE TO RUN ***********************************************************************
Cd2O4Si1   [ORCF,ORCF1,oF56] (STD_PRIM d  [ORCF,ORCF1,oF56] (STD_PRIM doi:10.1016/j.commatsci.2010.05.010)
1.000000
   0.00000000000000   4.99191152064563   5.98865258962901
   3.04893926699079   0.00000000000000   5.98865258962901
   3.04893926699079   4.99191152064563   0.00000000000000
4 8 2 
Direct(14) [A4B8C2] 
   0.68584656334012   0.31415343665988   0.68584656334012  Cd    
   0.31415343665988   0.68584656334012   0.31415343665988  Cd    
   0.06415343665988   0.43584656334012   0.06415343665988  Cd    
   0.43584656334012   0.06415343665988   0.43584656334012  Cd    
   0.12514996551966   0.02205529904288   0.66731094392862  O     
   0.66731094392861   0.18548379150884   0.12514996551967  O     
   0.02205529904287   0.12514996551967   0.18548379150884  O     
   0.18548379150883   0.66731094392862   0.02205529904288  O     
   0.62485003448034   0.72794470095712   0.08268905607138  O     
   0.08268905607139   0.56451620849116   0.62485003448033  O     
   0.72794470095713   0.62485003448033   0.56451620849116  O     
   0.56451620849117   0.08268905607138   0.72794470095712  O     
   0.00000000000000   0.00000000000000   0.00000000000000  Si    
   0.75000000000000   0.75000000000000   0.75000000000000  Si    
// KPOINTS TO RUN *************************************************************************
ORCF1 (face-centered orthorhombic 1/a^2 > 1/b^2+1/c^2)) G-Y-T-Z-G-X-A1-Y T-X1 X-A-Z L-G
16   ! 16 grids 
Line-mode
reciprocal
   0.0000   0.0000   0.0000   ! \Gamma
   0.5000   0.0000   0.5000   ! Y
 
   0.5000   0.0000   0.5000   ! Y
   1.0000   0.5000   0.5000   ! T
 
   1.0000   0.5000   0.5000   ! T
   0.5000   0.5000   0.0000   ! Z
 
   0.5000   0.5000   0.0000   ! Z
   0.0000   0.0000   0.0000   ! \Gamma
 
   0.0000   0.0000   0.0000   ! \Gamma
   0.0000   0.4081   0.4081   ! X
 
   0.0000   0.4081   0.4081   ! X
   0.5000   0.2215   0.7215   ! A_1
 
   0.5000   0.2215   0.7215   ! A_1
   0.5000   0.0000   0.5000   ! Y
 
   1.0000   0.5000   0.5000   ! T
   1.0000   0.5919   0.5919   ! X_1
 
   0.0000   0.4081   0.4081   ! X
   0.5000   0.7785   0.2785   ! A
 
   0.5000   0.7785   0.2785   ! A
   0.5000   0.5000   0.0000   ! Z
 
   0.5000   0.5000   0.5000   ! L
   0.0000   0.0000   0.0000   ! \Gamma
// END ************************************************************************************
