// STRUCTURE TO RUN ***********************************************************************
F1Tl1   [ORCF,ORCF2,oF8] (STD_PRIM doi:1  [FCC,FCC,cF8] (STD_PRIM doi:10.1016/j.commatsci.2010.05.010)
1.224617
   0.00000000000000   2.31594941120780   2.31594941120780
   2.31594941120780   0.00000000000000   2.31594941120780
   2.31594941120780   2.31594941120780   0.00000000000000
1 1 
Direct(2) [A1B1] 
   0.50000000000000   0.50000000000000   0.50000000000000  F     
   0.00000000000000   0.00000000000000   0.00000000000000  Tl    
// KPOINTS TO RUN *************************************************************************
FCC (face-centered cubic) G-X-W-K-G-L-U-W-L-K U-X
16   ! 16 grids 
Line-mode
reciprocal
   0.0000   0.0000   0.0000   ! \Gamma
   0.5000   0.0000   0.5000   ! X
 
   0.5000   0.0000   0.5000   ! X
   0.5000   0.2500   0.7500   ! W
 
   0.5000   0.2500   0.7500   ! W
   0.3750   0.3750   0.7500   ! K
 
   0.3750   0.3750   0.7500   ! K
   0.0000   0.0000   0.0000   ! \Gamma
 
   0.0000   0.0000   0.0000   ! \Gamma
   0.5000   0.5000   0.5000   ! L
 
   0.5000   0.5000   0.5000   ! L
   0.6250   0.2500   0.6250   ! U
 
   0.6250   0.2500   0.6250   ! U
   0.5000   0.2500   0.7500   ! W
 
   0.5000   0.2500   0.7500   ! W
   0.5000   0.5000   0.5000   ! L
 
   0.5000   0.5000   0.5000   ! L
   0.3750   0.3750   0.7500   ! K
 
   0.6250   0.2500   0.6250   ! U
   0.5000   0.0000   0.5000   ! X
// END ************************************************************************************
