// STRUCTURE TO RUN ***********************************************************************
Se2Si1   [ORCI,ORCI,oI12] (STD_PRIM doi:  [ORCI,ORCI,oI12] (STD_PRIM doi:10.1016/j.commatsci.2010.05.010)
1.000000
  -3.06013246607708   3.31734744990663   5.30016083630780
   3.06013246607708  -3.31734744990663   5.30016083630780
   3.06013246607708   3.31734744990663  -5.30016083630780
4 2 
Direct(6) [A4B2] 
   0.14198155836255   0.90456090360681   0.76257934524426  Se    
   0.85801844163745   0.09543909639319   0.23742065475574  Se    
   0.35801844163746   0.62059778688171   0.26257934524426  Se    
   0.64198155836254   0.37940221311829   0.73742065475574  Se    
   0.00000000000000   0.00000000000000   0.00000000000000  Si    
   0.50000000000000   0.00000000000000   0.50000000000000  Si    
// KPOINTS TO RUN *************************************************************************
ORCI (body-centered orthorhombc a < b < c) G-X-L-T-W-R-X1-Z-G-Y-S-W L1-Y Y1-Z
16   ! 16 grids 
Line-mode
reciprocal
   0.0000   0.0000   0.0000   ! \Gamma
   -0.3333   0.3333   0.3333   ! X
 
   -0.3333   0.3333   0.3333   ! X
   -0.1813   0.1813   0.4854   ! L
 
   -0.1813   0.1813   0.4854   ! L
   0.0000   0.0000   0.5000   ! T
 
   0.0000   0.0000   0.5000   ! T
   0.2500   0.2500   0.2500   ! W
 
   0.2500   0.2500   0.2500   ! W
   0.0000   0.5000   0.0000   ! R
 
   0.0000   0.5000   0.0000   ! R
   0.3333   0.6667   -0.3333   ! X_1
 
   0.3333   0.6667   -0.3333   ! X_1
   0.5000   0.5000   -0.5000   ! Z
 
   0.5000   0.5000   -0.5000   ! Z
   0.0000   0.0000   0.0000   ! \Gamma
 
   0.0000   0.0000   0.0000   ! \Gamma
   0.3479   -0.3479   0.3479   ! Y
 
   0.3479   -0.3479   0.3479   ! Y
   0.5000   0.0000   0.0000   ! S
 
   0.5000   0.0000   0.0000   ! S
   0.2500   0.2500   0.2500   ! W
 
   0.1813   -0.1813   0.5146   ! L_1
   0.3479   -0.3479   0.3479   ! Y
 
   0.6521   0.3479   -0.3479   ! Y_1
   0.5000   0.5000   -0.5000   ! Z
// END ************************************************************************************
