// STRUCTURE TO RUN ***********************************************************************
Ba1F6Ge1   [RHL,RHL2,hR8] (STD_PRIM doi:  [RHL,RHL2,hR8] (STD_PRIM doi:10.1016/j.commatsci.2010.05.010)
1.000000
   3.23851366243099  -3.74033507959545   0.00000000000000
   3.23851366243099   3.74033507959545   0.00000000000000
  -1.08140218969194   0.00000000000000   4.82790291467569
1 6 1 
Direct(8) [A1B6C1] 
   0.50000000000000   0.50000000000000   0.50000000000000  Ba    
   0.26512718663601   0.92498766335618   0.26512718663601  F     
   0.92498766335618   0.26512718663601   0.26512718663601  F     
   0.26512718663601   0.26512718663601   0.92498766335618  F     
   0.07501233664382   0.73487281336399   0.73487281336399  F     
   0.73487281336399   0.07501233664382   0.73487281336399  F     
   0.73487281336399   0.73487281336399   0.07501233664382  F     
   0.00000000000000   0.00000000000000   0.00000000000000  Ge    
// KPOINTS TO RUN *************************************************************************
RHL2 (rhombohedral alpha > 90) G-P-Z-Q-G-F-P1-Q1-L-Z
16   ! 16 grids 
Line-mode
reciprocal
   0.0000   0.0000   0.0000   ! \Gamma
   0.4374   -0.5626   0.4374   ! P
 
   0.4374   -0.5626   0.4374   ! P
   0.5000   -0.5000   0.5000   ! Z
 
   0.5000   -0.5000   0.5000   ! Z
   0.3748   0.3748   0.3748   ! Q
 
   0.3748   0.3748   0.3748   ! Q
   0.0000   0.0000   0.0000   ! \Gamma
 
   0.0000   0.0000   0.0000   ! \Gamma
   0.5000   -0.5000   0.0000   ! F
 
   0.5000   -0.5000   0.0000   ! F
   0.5626   -0.4374   -0.4374   ! P_1
 
   0.5626   -0.4374   -0.4374   ! P_1
   0.6252   -0.3748   -0.3748   ! Q_1
 
   0.6252   -0.3748   -0.3748   ! Q_1
   0.5000   0.0000   0.0000   ! L
 
   0.5000   0.0000   0.0000   ! L
   0.5000   -0.5000   0.5000   ! Z
// END ************************************************************************************
