// STRUCTURE TO RUN ***********************************************************************
Al1Bi1O3   [RHL,RHL1,hR10] (STD_PRIM doi  [RHL,RHL1,hR10] (STD_PRIM doi:10.1016/j.commatsci.2010.05.010)
1.000000
   4.75182357645095  -2.71018347067967   0.00000000000000
   4.75182357645095   2.71018347067967   0.00000000000000
   3.20608133106413   0.00000000000000   4.43237681668227
2 2 6 
Direct(10) [A2B2C6] 
   0.22155059484605   0.22155059484605   0.22155059484605  Al    
   0.72155059484605   0.72155059484605   0.72155059484605  Al    
   0.99545158072592   0.99545158072592   0.99545158072592  Bi    
   0.49545158072592   0.49545158072592   0.49545158072592  Bi    
   0.50954013170138   0.42061389335343   0.94934379937321  O     
   0.94934379937321   0.50954013170138   0.42061389335343  O     
   0.42061389335343   0.94934379937321   0.50954013170138  O     
   0.44934379937321   0.92061389335343   0.00954013170138  O     
   0.92061389335343   0.00954013170138   0.44934379937321  O     
   0.00954013170138   0.44934379937321   0.92061389335343  O     
// KPOINTS TO RUN *************************************************************************
RHL1 (rhombohedral alpha < 90) G-L-B1 B-Z-G-X Q-F-P1-Z L-P
16   ! 16 grids 
Line-mode
reciprocal
   0.0000   0.0000   0.0000   ! \Gamma
   0.5000   0.0000   0.0000   ! L
 
   0.5000   0.0000   0.0000   ! L
   0.5000   0.2477   -0.2477   ! B_1
 
   0.7523   0.5000   0.2477   ! B
   0.5000   0.5000   0.5000   ! Z
 
   0.5000   0.5000   0.5000   ! Z
   0.0000   0.0000   0.0000   ! \Gamma
 
   0.0000   0.0000   0.0000   ! \Gamma
   0.3739   0.0000   -0.3739   ! X
 
   0.6261   0.3739   0.0000   ! Q
   0.5000   0.5000   0.0000   ! F
 
   0.5000   0.5000   0.0000   ! F
   0.6261   0.6261   0.2477   ! P_1
 
   0.6261   0.6261   0.2477   ! P_1
   0.5000   0.5000   0.5000   ! Z
 
   0.5000   0.0000   0.0000   ! L
   0.7523   0.3739   0.3739   ! P
// END ************************************************************************************
