// STRUCTURE TO RUN ***********************************************************************
O2Sn1   [TET,TET,tP6] (STD_PRIM doi:10.1  [TET,TET,tP6] (STD_PRIM doi:10.1016/j.commatsci.2010.05.010)
1.000000
   4.90539699997631   0.00000000000000   0.00000000000000
   0.00000000000000   4.90539699997631   0.00000000000000
   0.00000000000000   0.00000000000000   3.30125327846581
4 2 
Direct(6) [A4B2] 
   0.30709846915396   0.30709846915396   0.00000000000000  O     
   0.69290153084604   0.69290153084604   0.00000000000000  O     
   0.19290153084604   0.80709846915396   0.50000000000000  O     
   0.80709846915396   0.19290153084604   0.50000000000000  O     
   0.00000000000000   0.00000000000000   0.00000000000000  Sn    
   0.50000000000000   0.50000000000000   0.50000000000000  Sn    
// KPOINTS TO RUN *************************************************************************
TET (tetragonal) G-X-M-G-Z-R-A-Z  X-R  M-A
16   ! 16 grids 
Line-mode
reciprocal
   0.0000   0.0000   0.0000   ! \Gamma
   0.0000   0.5000   0.0000   ! X
 
   0.0000   0.5000   0.0000   ! X
   0.5000   0.5000   0.0000   ! M
 
   0.5000   0.5000   0.0000   ! M
   0.0000   0.0000   0.0000   ! \Gamma
 
   0.0000   0.0000   0.0000   ! \Gamma
   0.0000   0.0000   0.5000   ! Z
 
   0.0000   0.0000   0.5000   ! Z
   0.0000   0.5000   0.5000   ! R
 
   0.0000   0.5000   0.5000   ! R
   0.5000   0.5000   0.5000   ! A
 
   0.5000   0.5000   0.5000   ! A
   0.0000   0.0000   0.5000   ! Z
 
   0.0000   0.5000   0.0000   ! X
   0.0000   0.5000   0.5000   ! R
 
   0.5000   0.5000   0.0000   ! M
   0.5000   0.5000   0.5000   ! A
// END ************************************************************************************
