// STRUCTURE TO RUN ***********************************************************************
B2Cd2O5   [TRI,TRI1b,aP18] (STD_PRIM doi  [TRI,TRI1b,aP18] (STD_PRIM doi:10.1016/j.commatsci.2010.05.010)
1.000000
   3.51188251934593   0.00000000000000   0.00000000000000
  -0.17539791084180   6.44313249923575   0.00000000000000
  -0.21907711206607  -2.72686677635256   9.68105052843212
4 4 10 
Direct(18) [A4B4C10] 
   0.33035456784907   0.32693695714172   0.15547935022734  B     
   0.66964543215093   0.67306304285828   0.84452064977266  B     
   0.67779778836839   0.12611046356021   0.31965541601762  B     
   0.32220221163161   0.87388953643979   0.68034458398238  B     
   0.22580195720237   0.34832630022785   0.59353766621874  Cd    
   0.77419804279763   0.65167369977215   0.40646233378126  Cd    
   0.24999929308130   0.77839192350512   0.12505436050973  Cd    
   0.75000070691870   0.22160807649488   0.87494563949027  Cd    
   0.20041693767323   0.07866995056484   0.69745647195993  O     
   0.79958306232677   0.92133004943516   0.30254352804007  O     
   0.25886948965583   0.28908790063867   0.01718760261298  O     
   0.74113051034417   0.71091209936133   0.98281239738702  O     
   0.27716528368287   0.52451734590691   0.24751959414624  O     
   0.72283471631713   0.47548265409309   0.75248040585376  O     
   0.47622232028526   0.15426267560707   0.20146086900561  O     
   0.52377767971474   0.84573732439293   0.79853913099439  O     
   0.72960421799249   0.29504598656306   0.43667226308123  O     
   0.27039578200751   0.70495401343694   0.56332773691877  O     
// KPOINTS TO RUN *************************************************************************
TRI1b (triclinic) X-G-Y L-G-Z N-G-M R-G
16   ! 16 grids 
Line-mode
reciprocal
   0.0000   -0.5000   0.0000   ! X
   0.0000   0.0000   0.0000   ! \Gamma
 
   0.0000   0.0000   0.0000   ! \Gamma
   0.5000   0.0000   0.0000   ! Y
 
   0.5000   -0.5000   0.0000   ! L
   0.0000   0.0000   0.0000   ! \Gamma
 
   0.0000   0.0000   0.0000   ! \Gamma
   -0.5000   0.0000   0.5000   ! Z
 
   -0.5000   -0.5000   0.5000   ! N
   0.0000   0.0000   0.0000   ! \Gamma
 
   0.0000   0.0000   0.0000   ! \Gamma
   0.0000   0.0000   0.5000   ! M
 
   0.0000   -0.5000   0.5000   ! R
   0.0000   0.0000   0.0000   ! \Gamma
// END ************************************************************************************
