// STRUCTURE TO RUN ***********************************************************************
B1Cd1Li1O3   [TRI,TRI1b,aP12] (STD_PRIM   [TRI,TRI1a,aP12] (STD_PRIM doi:10.1016/j.commatsci.2010.05.010)
1.000000
   5.15191595287377   0.00000000000000   0.00000000000000
   1.69017273512617   5.74927888088092   0.00000000000000
   0.78785093211594   0.20288916929613   5.70659160426423
2 2 2 6 
Direct(12) [A2B2C2D6] 
   0.75548493780940   0.18539948301638   0.14656125418554  B     
   0.24451506219061   0.81460051698362   0.85343874581446  B     
   0.27841829360486   0.01827999887394   0.30414451309044  Cd    
   0.72158170639514   0.98172000112606   0.69585548690956  Cd    
   0.21592140752736   0.36213469727005   0.90397328137739  Li    
   0.78407859247264   0.63786530272995   0.09602671862261  Li    
   0.95017419955740   0.30111592199043   0.16221931522617  O     
   0.04982580044260   0.69888407800957   0.83778068477383  O     
   0.26623793659443   0.99868922218122   0.68931981109229  O     
   0.73376206340557   0.00131077781878   0.31068018890771  O     
   0.58548395992539   0.23810394536240   0.97356694057475  O     
   0.41451604007461   0.76189605463760   0.02643305942525  O     
// KPOINTS TO RUN *************************************************************************
TRI1a (triclinic) X-G-Y L-G-Z N-G-M R-G
16   ! 16 grids 
Line-mode
reciprocal
   0.5000   0.0000   0.0000   ! X
   0.0000   0.0000   0.0000   ! \Gamma
 
   0.0000   0.0000   0.0000   ! \Gamma
   0.0000   0.5000   0.0000   ! Y
 
   0.5000   0.5000   0.0000   ! L
   0.0000   0.0000   0.0000   ! \Gamma
 
   0.0000   0.0000   0.0000   ! \Gamma
   0.0000   0.0000   0.5000   ! Z
 
   0.5000   0.0000   0.5000   ! N
   0.0000   0.0000   0.0000   ! \Gamma
 
   0.0000   0.0000   0.0000   ! \Gamma
   0.0000   0.5000   0.5000   ! M
 
   0.5000   0.5000   0.5000   ! R
   0.0000   0.0000   0.0000   ! \Gamma
// END ************************************************************************************
